[2018-04-02 10:44:38] Сообщение: Страница не найдена | Файл: D:\OpenServer\domains\luxury-watch.loc\vendor\luxury\core\Router.php | Строка: 52
--------------------------
[2018-04-02 10:46:13] Сообщение: Страница не найдена | Файл: D:\OpenServer\domains\luxury-watch.loc\vendor\luxury\core\Router.php | Строка: 52
--------------------------
[2018-04-02 10:53:32] Сообщение: Страница не найдена | Файл: D:\OpenServer\domains\luxury-watch.loc\vendor\luxury\core\Router.php | Строка: 52
--------------------------
[2018-04-02 12:04:06] Сообщение: Страница не найдена | Файл: D:\OpenServer\domains\luxury-watch.loc\vendor\luxury\core\Router.php | Строка: 52
--------------------------
[2018-04-02 12:13:51] Сообщение: Такой вид D:\OpenServer\domains\luxury-watch.loc/app/views/admin\User/loginAdmin.php не существует | Файл: D:\OpenServer\domains\luxury-watch.loc\vendor\luxury\core\base\View.php | Строка: 51
--------------------------
[2018-04-02 13:28:03] Сообщение: Метод app\controllers\admin\OrderController::viewAction не найден | Файл: D:\OpenServer\domains\luxury-watch.loc\vendor\luxury\core\Router.php | Строка: 41
--------------------------
[2018-04-02 13:28:03] Сообщение: Страница не найдена | Файл: D:\OpenServer\domains\luxury-watch.loc\vendor\luxury\core\Router.php | Строка: 52
--------------------------
[2018-04-02 13:58:06] Сообщение: Страница не найдена | Файл: D:\OpenServer\domains\luxury-watch.loc\app\controllers\admin\OrderController.php | Строка: 38
--------------------------
[2018-04-02 14:21:09] Сообщение: Страница не найдена | Файл: D:\OpenServer\domains\luxury-watch.loc\vendor\luxury\core\Router.php | Строка: 52
--------------------------
[2018-04-02 14:21:42] Сообщение: Страница не найдена | Файл: D:\OpenServer\domains\luxury-watch.loc\vendor\luxury\core\Router.php | Строка: 52
--------------------------
[2018-04-02 16:59:38] Сообщение: Метод app\controllers\admin\CategoryController::editAction не найден | Файл: D:\OpenServer\domains\luxury-watch.loc\vendor\luxury\core\Router.php | Строка: 41
--------------------------
[2018-04-02 16:59:38] Сообщение: Страница не найдена | Файл: D:\OpenServer\domains\luxury-watch.loc\vendor\luxury\core\Router.php | Строка: 52
--------------------------
[2018-04-02 17:19:12] Сообщение: Контроллер app\controllers\admin\CacheController не найден | Файл: D:\OpenServer\domains\luxury-watch.loc\vendor\luxury\core\Router.php | Строка: 46
--------------------------
[2018-04-02 17:34:02] Сообщение: Страница не найдена | Файл: D:\OpenServer\domains\luxury-watch.loc\vendor\luxury\core\Router.php | Строка: 52
--------------------------
[2018-04-02 17:35:43] Сообщение: Метод app\controllers\admin\CategoryController::editAction не найден | Файл: D:\OpenServer\domains\luxury-watch.loc\vendor\luxury\core\Router.php | Строка: 41
--------------------------
[2018-04-02 19:19:49] Сообщение: Страница не найдена | Файл: D:\OpenServer\domains\luxury-watch.loc\vendor\luxury\core\Router.php | Строка: 52
--------------------------
[2018-04-02 19:41:09] Сообщение: Данная страница specialsfg не найдена | Файл: D:\OpenServer\domains\luxury-watch.loc\app\controllers\PageController.php | Строка: 16
--------------------------
[2018-04-03 11:06:43] Сообщение: Метод app\controllers\admin\ProductController::editAction не найден | Файл: D:\OpenServer\domains\luxury-watch.loc\vendor\luxury\core\Router.php | Строка: 41
--------------------------
[2018-04-03 11:06:43] Сообщение: Страница не найдена | Файл: D:\OpenServer\domains\luxury-watch.loc\vendor\luxury\core\Router.php | Строка: 52
--------------------------
[2018-04-03 11:48:48] Сообщение: Страница не найдена | Файл: D:\OpenServer\domains\luxury-watch.loc\vendor\luxury\core\Router.php | Строка: 52
--------------------------
[2018-04-03 12:01:35] Сообщение: Страница не найдена | Файл: D:\OpenServer\domains\luxury-watch.loc\vendor\luxury\core\Router.php | Строка: 52
--------------------------
[2018-04-03 12:44:28] Сообщение: Страница не найдена | Файл: D:\OpenServer\domains\luxury-watch.loc\vendor\luxury\core\Router.php | Строка: 52
--------------------------
[2018-04-03 13:51:08] Сообщение: Страница не найдена | Файл: D:\OpenServer\domains\luxury-watch.loc\vendor\luxury\core\Router.php | Строка: 52
--------------------------
[2018-04-03 19:13:26] Сообщение: Метод app\controllers\admin\ProductController::editAction не найден | Файл: D:\OpenServer\domains\luxury-watch.loc\vendor\luxury\core\Router.php | Строка: 41
--------------------------
[2018-04-03 19:13:26] Сообщение: Страница не найдена | Файл: D:\OpenServer\domains\luxury-watch.loc\vendor\luxury\core\Router.php | Строка: 52
--------------------------
[2018-04-04 09:17:27] Сообщение: Страница не найдена | Файл: D:\OpenServer\domains\luxury-watch.loc\vendor\luxury\core\Router.php | Строка: 52
--------------------------
[2018-04-04 10:27:33] Сообщение: Страница не найдена | Файл: D:\OpenServer\domains\luxury-watch.loc\vendor\luxury\core\Router.php | Строка: 52
--------------------------
[2018-04-04 10:44:28] Сообщение: Страница не найдена | Файл: D:\OpenServer\domains\luxury-watch.loc\vendor\luxury\core\Router.php | Строка: 52
--------------------------
[2018-04-04 10:44:28] Сообщение: Страница не найдена | Файл: D:\OpenServer\domains\luxury-watch.loc\vendor\luxury\core\Router.php | Строка: 52
--------------------------
[2018-04-04 10:44:28] Сообщение: Страница не найдена | Файл: D:\OpenServer\domains\luxury-watch.loc\vendor\luxury\core\Router.php | Строка: 52
--------------------------
[2018-04-04 10:44:28] Сообщение: Страница не найдена | Файл: D:\OpenServer\domains\luxury-watch.loc\vendor\luxury\core\Router.php | Строка: 52
--------------------------
[2018-04-04 10:52:15] Сообщение: Данный продукт new-product не найден | Файл: D:\OpenServer\domains\luxury-watch.loc\app\controllers\ProductController.php | Строка: 17
--------------------------
[2018-04-04 10:52:16] Сообщение: Страница не найдена | Файл: D:\OpenServer\domains\luxury-watch.loc\vendor\luxury\core\Router.php | Строка: 52
--------------------------
[2018-04-04 10:53:18] Сообщение: Метод app\controllers\admin\ProductController::deleteAction не найден | Файл: D:\OpenServer\domains\luxury-watch.loc\vendor\luxury\core\Router.php | Строка: 41
--------------------------
[2018-04-04 12:57:36] Сообщение: Контроллер app\controllers\admin\CurrencyController не найден | Файл: D:\OpenServer\domains\luxury-watch.loc\vendor\luxury\core\Router.php | Строка: 46
--------------------------
[2018-04-04 12:57:42] Сообщение: Такой вид D:\OpenServer\domains\luxury-watch.loc/app/views/admin\Filter/attribute.php не существует | Файл: D:\OpenServer\domains\luxury-watch.loc\vendor\luxury\core\base\View.php | Строка: 51
--------------------------
[2018-04-04 12:59:06] Сообщение: Такой вид D:\OpenServer\domains\luxury-watch.loc/app/views/admin\Filter/attribute.php не существует | Файл: D:\OpenServer\domains\luxury-watch.loc\vendor\luxury\core\base\View.php | Строка: 51
--------------------------
[2018-04-04 13:02:13] Сообщение: Invalid type: attribute_group | Файл: D:\OpenServer\domains\luxury-watch.loc\vendor\gabordemooij\redbean\RedBeanPHP\Util\DispenseHelper.php | Строка: 37
--------------------------
[2018-04-04 13:35:49] Сообщение: Метод app\controllers\admin\FilterController::attributeAddAction не найден | Файл: D:\OpenServer\domains\luxury-watch.loc\vendor\luxury\core\Router.php | Строка: 41
--------------------------
[2018-04-04 13:38:43] Сообщение: Метод app\controllers\admin\FilterController::attributeEditAction не найден | Файл: D:\OpenServer\domains\luxury-watch.loc\vendor\luxury\core\Router.php | Строка: 41
--------------------------
[2018-04-04 13:38:51] Сообщение: Метод app\controllers\admin\FilterController::attributeDeleteAction не найден | Файл: D:\OpenServer\domains\luxury-watch.loc\vendor\luxury\core\Router.php | Строка: 41
--------------------------
[2018-04-04 14:46:32] Сообщение: Страница не найдена | Файл: D:\OpenServer\domains\luxury-watch.loc\vendor\luxury\core\Router.php | Строка: 52
--------------------------
[2018-04-04 17:55:54] Сообщение: Метод app\controllers\admin\FilterController::attributeDeleteAction не найден | Файл: D:\OpenServer\domains\luxury-watch.loc\vendor\luxury\core\Router.php | Строка: 41
--------------------------
[2018-04-04 17:55:55] Сообщение: Страница не найдена | Файл: D:\OpenServer\domains\luxury-watch.loc\vendor\luxury\core\Router.php | Строка: 52
--------------------------
[2018-04-04 18:07:22] Сообщение: Такой вид D:\OpenServer\domains\luxury-watch.loc/app/views/admin\Currency/index.php не существует | Файл: D:\OpenServer\domains\luxury-watch.loc\vendor\luxury\core\base\View.php | Строка: 51
--------------------------
[2018-04-05 09:10:57] Сообщение: Страница не найдена | Файл: D:\OpenServer\domains\luxury-watch.loc\vendor\luxury\core\Router.php | Строка: 52
--------------------------
[2018-04-05 09:13:28] Сообщение: Страница не найдена | Файл: D:\OpenServer\domains\luxury-watch.loc\vendor\luxury\core\Router.php | Строка: 52
--------------------------
[2018-04-05 10:35:14] Сообщение: Метод app\controllers\UserController::ordersAction не найден | Файл: D:\OpenServer\domains\luxury-watch.loc\vendor\luxury\core\Router.php | Строка: 41
--------------------------
[2018-04-05 16:10:47] Сообщение: Данная страница contact не найдена | Файл: D:\OpenServer\domains\luxury-watch.loc\app\controllers\PageController.php | Строка: 16
--------------------------
[2018-04-05 16:10:47] Сообщение: Страница не найдена | Файл: D:\OpenServer\domains\luxury-watch.loc\vendor\luxury\core\Router.php | Строка: 52
--------------------------
[2018-04-06 13:23:25] Сообщение: Страница не найдена | Файл: D:\OpenServer\domains\luxury-watch.loc\vendor\luxury\core\Router.php | Строка: 52
--------------------------
[2018-04-09 09:56:06] Сообщение: Страница не найдена | Файл: D:\OpenServer\domains\luxury-watch.loc\vendor\luxury\core\Router.php | Строка: 52
--------------------------
[2018-04-11 13:15:02] Сообщение: Страница не найдена | Файл: D:\OpenServer\domains\luxury-watch.loc\vendor\luxury\core\Router.php | Строка: 52
--------------------------
[2018-04-11 19:56:56] Сообщение: Страница не найдена | Файл: D:\OpenServer\domains\luxury-watch.loc\vendor\luxury\core\Router.php | Строка: 52
--------------------------
[2018-04-12 17:08:22] Сообщение: Страница не найдена | Файл: D:\OpenServer\domains\luxury-watch.loc\vendor\luxury\core\Router.php | Строка: 52
--------------------------
